01:11:58 **** Incremental Build of configuration x86_64-debug for project High_Low_Prio_Threads ****
make -j16 all 
qcc -Vgcc_ntox86_64 -c -Wp,-MMD,build/x86_64-debug/src/High_Low_Prio_Threads.d,-MT,build/x86_64-debug/src/High_Low_Prio_Threads.o -o build/x86_64-debug/src/High_Low_Prio_Threads.o  -Wall -fmessage-length=0 -g -O0 -fno-builtin  src/High_Low_Prio_Threads.c
qcc -Vgcc_ntox86_64 -o build/x86_64-debug/High_Low_Prio_Threads   build/x86_64-debug/src/High_Low_Prio_Threads.o  
01:12:03 **** Incremental Build of configuration x86_64-debug for project High_Low_Prio_Threads ****
make -j16 all 
make: Nothing to be done for 'all'.
01:13:21 **** Incremental Build of configuration x86_64-debug for project High_Low_Prio_Threads ****
make -j16 all 
make: Nothing to be done for 'all'.
01:13:38 **** Incremental Build of configuration x86_64-debug for project High_Low_Prio_Threads ****
make -j16 all 
make: Nothing to be done for 'all'.
01:14:17 **** Incremental Build of configuration x86_64-debug for project High_Low_Prio_Threads ****
make -j16 all 
qcc -Vgcc_ntox86_64 -c -Wp,-MMD,build/x86_64-debug/src/High_Low_Prio_Threads.d,-MT,build/x86_64-debug/src/High_Low_Prio_Threads.o -o build/x86_64-debug/src/High_Low_Prio_Threads.o  -Wall -fmessage-length=0 -g -O0 -fno-builtin  src/High_Low_Prio_Threads.c
qcc -Vgcc_ntox86_64 -o build/x86_64-debug/High_Low_Prio_Threads   build/x86_64-debug/src/High_Low_Prio_Threads.o  
02:44:10 **** Build of configuration x86_64-debug for project Signals_Handling ****
make -j16 all 
q++ -Vgcc_ntox86_64_cxx -c -Wp,-MMD,build/x86_64-debug/src/Signals_Handling.d,-MT,build/x86_64-debug/src/Signals_Handling.o -o build/x86_64-debug/src/Signals_Handling.o  -Wall -fmessage-length=0 -g -O0 -fno-builtin  src/Signals_Handling.cpp
q++ -Vgcc_ntox86_64_cxx -o build/x86_64-debug/Signals_Handling   build/x86_64-debug/src/Signals_Handling.o  
02:48:05 **** Incremental Build of configuration x86_64-debug for project Signals_Handling ****
make -j16 all 
q++ -Vgcc_ntox86_64_cxx -c -Wp,-MMD,build/x86_64-debug/src/Signals_Handling.d,-MT,build/x86_64-debug/src/Signals_Handling.o -o build/x86_64-debug/src/Signals_Handling.o  -Wall -fmessage-length=0 -g -O0 -fno-builtin  src/Signals_Handling.cpp
q++ -Vgcc_ntox86_64_cxx -o build/x86_64-debug/Signals_Handling   build/x86_64-debug/src/Signals_Handling.o  
02:48:19 **** Incremental Build of configuration x86_64-debug for project Signals_Handling ****
make -j16 all 
make: Nothing to be done for 'all'.
02:48:57 **** Incremental Build of configuration x86_64-debug for project Signals_Handling ****
make -j16 all 
make: Nothing to be done for 'all'.
02:51:47 **** Incremental Build of configuration x86_64-debug for project Signals_Handling ****
make -j16 all 
q++ -Vgcc_ntox86_64_cxx -c -Wp,-MMD,build/x86_64-debug/src/Signals_Handling.d,-MT,build/x86_64-debug/src/Signals_Handling.o -o build/x86_64-debug/src/Signals_Handling.o  -Wall -fmessage-length=0 -g -O0 -fno-builtin  src/Signals_Handling.cpp
q++ -Vgcc_ntox86_64_cxx -o build/x86_64-debug/Signals_Handling   build/x86_64-debug/src/Signals_Handling.o  
02:55:26 **** Incremental Build of configuration x86_64-debug for project Signals_Handling ****
make -j16 all 
make: Nothing to be done for 'all'.
02:55:35 **** Incremental Build of configuration x86_64-debug for project Signals_Handling ****
make -j16 all 
make: Nothing to be done for 'all'.
02:59:38 **** Incremental Build of configuration x86_64-debug for project Signals_Handling ****
make -j16 all 
q++ -Vgcc_ntox86_64_cxx -c -Wp,-MMD,build/x86_64-debug/src/Signals_Handling.d,-MT,build/x86_64-debug/src/Signals_Handling.o -o build/x86_64-debug/src/Signals_Handling.o  -Wall -fmessage-length=0 -g -O0 -fno-builtin  src/Signals_Handling.cpp
q++ -Vgcc_ntox86_64_cxx -o build/x86_64-debug/Signals_Handling   build/x86_64-debug/src/Signals_Handling.o  
